frontend/android2/app/build/intermediates/manifest_merge_blame_file/release/manifest-merger-blame-release-report.txt
1<?xml version="1.0" encoding="utf-8"?>
2<manifest xmlns:android="http://schemas.android.com/apk/res/android"
3    package="com.example.hw9"
4    android:versionCode="1"
5    android:versionName="1.0" >
6
7    <uses-sdk
8        android:minSdkVersion="23"
8-->src/main/AndroidManifest.xml
9        android:targetSdkVersion="28" />
9-->src/main/AndroidManifest.xml
10
11    <uses-permission android:name="android.permission.INTERNET" />
11-->src/main/AndroidManifest.xml:6:5-67
11-->src/main/AndroidManifest.xml:6:22-64
12    <uses-permission android:name="android.permission.ACCESS_NETWORK_STATE" />
12-->src/main/AndroidManifest.xml:7:5-79
12-->src/main/AndroidManifest.xml:7:22-76
13    <uses-permission android:name="android.permission.ACCESS_WIFI_STATE" />
13-->src/main/AndroidManifest.xml:8:5-76
13-->src/main/AndroidManifest.xml:8:22-73
14    <uses-permission android:name="android.permission.WRITE_EXTERNAL_STORAGE" />
14-->src/main/AndroidManifest.xml:9:5-81
14-->src/main/AndroidManifest.xml:9:22-78
15    <uses-permission android:name="android.permission.ACCESS_COURSE_LOCATION" />
15-->src/main/AndroidManifest.xml:10:5-81
15-->src/main/AndroidManifest.xml:10:22-78
16    <uses-permission android:name="android.permission.ACCESS_FINE_LOCATION" />
16-->src/main/AndroidManifest.xml:11:5-79
16-->src/main/AndroidManifest.xml:11:22-76
17    <uses-permission android:name="android.permission.SYSTEM_ALERT_WINDOW" />
17-->src/main/AndroidManifest.xml:12:5-78
17-->src/main/AndroidManifest.xml:12:22-75
18
19    <uses-feature
19-->[com.google.android.gms:play-services-maps:16.0.0] AndroidManifest.xml:26:5-28:35
20        android:glEsVersion="0x00020000"
20-->[com.google.android.gms:play-services-maps:16.0.0] AndroidManifest.xml:27:9-41
21        android:required="true" />
21-->[com.google.android.gms:play-services-maps:16.0.0] AndroidManifest.xml:28:9-32
22
23    <application
23-->src/main/AndroidManifest.xml:14:5-46:19
24        android:allowBackup="true"
24-->src/main/AndroidManifest.xml:15:9-35
25        android:appComponentFactory="android.support.v4.app.CoreComponentFactory"
25-->[com.android.support:support-compat:28.0.0] AndroidManifest.xml:22:18-91
26        android:extractNativeLibs="false"
27        android:icon="@mipmap/ic_launcher"
27-->src/main/AndroidManifest.xml:16:9-43
28        android:label="@string/app_name"
28-->src/main/AndroidManifest.xml:17:9-41
29        android:roundIcon="@mipmap/ic_launcher_round"
29-->src/main/AndroidManifest.xml:18:9-54
30        android:supportsRtl="true"
30-->src/main/AndroidManifest.xml:19:9-35
31        android:theme="@style/AppTheme"
31-->src/main/AndroidManifest.xml:20:9-40
32        android:usesCleartextTraffic="true" >
32-->src/main/AndroidManifest.xml:21:9-44
33        <activity
33-->src/main/AndroidManifest.xml:23:9-31:20
34            android:name="com.example.hw9.ui.activity.SplashScreen"
34-->src/main/AndroidManifest.xml:23:19-59
35            android:theme="@style/AppTheme_new" >
35-->src/main/AndroidManifest.xml:24:13-48
36            <intent-filter>
36-->src/main/AndroidManifest.xml:26:13-30:29
37                <action android:name="android.intent.action.MAIN" />
37-->src/main/AndroidManifest.xml:27:17-69
37-->src/main/AndroidManifest.xml:27:25-66
38
39                <category android:name="android.intent.category.LAUNCHER" />
39-->src/main/AndroidManifest.xml:29:17-77
39-->src/main/AndroidManifest.xml:29:27-74
40            </intent-filter>
41        </activity>
42
43        <meta-data
43-->src/main/AndroidManifest.xml:33:9-35:63
44            android:name="com.google.android.actions"
44-->src/main/AndroidManifest.xml:34:13-54
45            android:resource="@xml/network_security_config" />
45-->src/main/AndroidManifest.xml:35:13-60
46
47        <activity
47-->src/main/AndroidManifest.xml:37:9-38:45
48            android:name="com.example.hw9.ui.activity.MainActivity"
48-->src/main/AndroidManifest.xml:37:19-59
49            android:launchMode="singleTop" />
49-->src/main/AndroidManifest.xml:38:13-43
50        <!-- xsx -->
51
52        <activity
52-->src/main/AndroidManifest.xml:41:9-44:70
53            android:name="com.example.hw9.ui.activity.ProductResults"
53-->src/main/AndroidManifest.xml:42:13-55
54            android:launchMode="singleTop"
54-->src/main/AndroidManifest.xml:43:13-43
55            android:parentActivityName="com.example.hw9.ui.activity.MainActivity" />
55-->src/main/AndroidManifest.xml:44:13-67
56        <activity android:name="com.example.hw9.ActivityProductDetails" />
56-->src/main/AndroidManifest.xml:45:9-60
56-->src/main/AndroidManifest.xml:45:19-57
57        <activity
57-->[com.google.android.gms:play-services-base:16.0.1] AndroidManifest.xml:23:9-26:75
58            android:name="com.google.android.gms.common.api.GoogleApiActivity"
58-->[com.google.android.gms:play-services-base:16.0.1] AndroidManifest.xml:24:13-79
59            android:exported="false"
59-->[com.google.android.gms:play-services-base:16.0.1] AndroidManifest.xml:25:13-37
60            android:theme="@android:style/Theme.Translucent.NoTitleBar" />
60-->[com.google.android.gms:play-services-base:16.0.1] AndroidManifest.xml:26:13-72
61
62        <meta-data
62-->[com.google.android.gms:play-services-basement:16.0.1] AndroidManifest.xml:23:9-25:69
63            android:name="com.google.android.gms.version"
63-->[com.google.android.gms:play-services-basement:16.0.1] AndroidManifest.xml:24:13-58
64            android:value="@integer/google_play_services_version" />
64-->[com.google.android.gms:play-services-basement:16.0.1] AndroidManifest.xml:25:13-66
65    </application>
66
67</manifest>